Arguments: 
  /usr/local/bin/node /usr/share/yarn/bin/yarn.js install

PATH: 
  /home/viraj/.local/bin:/home/viraj/.solc-select:/usr/local/sbin:/usr/local/bin:/usr/sbin:/usr/bin:/sbin:/bin:/usr/games:/usr/local/games:/usr/lib/wsl/lib:/mnt/c/WINDOWS/system32:/mnt/c/WINDOWS:/mnt/c/WINDOWS/System32/Wbem:/mnt/c/WINDOWS/System32/WindowsPowerShell/v1.0/:/mnt/c/WINDOWS/System32/OpenSSH/:/mnt/c/Program Files/PuTTY/:/mnt/c/Users/viraj/AppData/Local/Microsoft/WindowsApps:/mnt/c/Users/viraj/AppData/Local/Programs/Microsoft VS Code/bin:/snap/bin:/home/viraj/.local/bin:/home/viraj/.local/bin

Yarn version: 
  1.22.5

Node version: 
  12.18.2

Platform: 
  linux x64

Trace: 
  Error: getaddrinfo EAI_AGAIN registry.npmjs.org
      at GetAddrInfoReqWrap.onlookup [as oncomplete] (dns.js:66:26)

npm manifest: 
  {
    "name": "@agoraswap/sdk-extra",
    "license": "MIT",
    "version": "1.3.2",
    "description": "🛠 A specific SDK/toolkit for building applications on top of AgoraSwap.",
    "main": "dist/index.js",
    "typings": "dist/index.d.ts",
    "files": [
      "dist"
    ],
    "repository": "https://github.com/agoradefi/agoraswap-sdk.git",
    "keywords": [
      "ethereum",
      "bsc",
      "harmony",
      "agoraswap"
    ],
    "module": "dist/sdk.esm.js",
    "scripts": {
      "lint": "tsdx lint src test",
      "build": "tsdx build",
      "start": "tsdx watch",
      "test": "tsdx test",
      "prepublishOnly": "tsdx build"
    },
    "dependencies": {
      "@ethersproject/address": "^5.3.0",
      "@ethersproject/contracts": "^5.3.0",
      "@ethersproject/providers": "^5.3.0",
      "@ethersproject/solidity": "^5.3.0",
      "@omniswap/default-token-list": "^1.0.0",
      "@types/lodash.random": "^3.2.6",
      "@venomswap/community-token-list": "^2.3.1",
      "@agoraswap/sdk": "https://github.com/agoradefi/agoraswap-sdk#main",
      "lodash.random": "^3.2.0"
    },
    "devDependencies": {
      "@types/jest": "^26.0.23",
      "tsdx": "^0.14.1"
    },
    "engines": {
      "node": ">=10"
    },
    "prettier": {
      "printWidth": 120,
      "semi": false,
      "singleQuote": true
    }
  }

yarn manifest: 
  No manifest

Lockfile: 
  No lockfile
